2025-07-12 13:08:16,160 - INFO - mcp_server_mcp_control:__init__:47 - Initializing MCPServer
2025-07-12 13:08:19,322 - INFO - mcp_server_mcp_control:handle_command:120 - Executing command: get_windows with params: {'show_minimized': True}
2025-07-12 13:08:19,322 - INFO - mcp_server_mcp_control:_execute_command:201 - Executing _execute_command: get_windows {'show_minimized': True}
2025-07-12 13:08:19,322 - INFO - mcp_server_mcp_control:_execute_window_command:219 - Executing _execute_window_command: get_windows {'show_minimized': True}
2025-07-12 13:08:19,327 - INFO - mcp_server_mcp_control:handle_command:128 - Command result: {'success': True, 'result': {'windows': [{'hwnd': 69430, 'window_id': '69430_6440_d41d8cd9', 'title': '', 'pid': 6440, 'proc': 'explorer.exe', 'rect': [0, 0, 1, 1], 'screen': 1, 'minimized': 0}, {'hwnd': 199626, 'window_id': '199626_6440_d41d8cd9', 'title': '', 'pid': 6440, 'proc': 'explorer.exe', 'rect': [0, 0, 1, 1], 'screen': 1, 'minimized': 0}, {'hwnd': 131602, 'window_id': '131602_6440_d41d8cd9', 'title': '', 'pid': 6440, 'proc': 'explorer.exe', 'rect': [0, 1032, 1920, 1080], 'screen': 1, 'minimized': 0}, {'hwnd': 199182, 'window_id': '199182_6440_d41d8cd9', 'title': '', 'pid': 6440, 'proc': 'explorer.exe', 'rect': [0, 0, 1920, 1032], 'screen': 1, 'minimized': 0}, {'hwnd': 66236, 'window_id': '66236_6440_d41d8cd9', 'title': '', 'pid': 6440, 'proc': 'explorer.exe', 'rect': [19, 0, 1920, 4], 'screen': 1, 'minimized': 0}, {'hwnd': 66106, 'window_id': '66106_6440_673eed9d', 'title': 'Program Manager', 'pid': 6440, 'proc': 'explorer.exe', 'rect': [0, 0, 3840, 1080], 'screen': 1, 'minimized': 0}, {'hwnd': 1837706, 'window_id': '1837706_17068_ff6c6697', 'title': 'mcp_server_mcp_control_interactive_client.py - assignment13 - Visual Studio Code', 'pid': 17068, 'proc': 'Code.exe', 'rect': [-9, -9, 1929, 1041], 'screen': 1, 'minimized': 0}, {'hwnd': 1445278, 'window_id': '1445278_4676_a1b791c4', 'title': 'OBS 30.1.2 - Profile: Untitled - Scenes: Untitled', 'pid': 4676, 'proc': 'obs64.exe', 'rect': [377, 71, 1471, 836], 'screen': 1, 'minimized': 0}, {'hwnd': 197126, 'window_id': '197126_15368_018c6e2d', 'title': 'Windows Input Experience', 'pid': 15368, 'proc': 'TextInputHost.exe', 'rect': [0, 0, 1920, 1080], 'screen': 1, 'minimized': 0}, {'hwnd': 197006, 'window_id': '197006_6816_39d38f5f', 'title': 'NVIDIA GeForce Overlay', 'pid': 6816, 'proc': 'NVIDIA Overlay.exe', 'rect': [0, 0, 1920, 1080], 'screen': 1, 'minimized': 0}, {'hwnd': 855000, 'window_id': '855000_23576_d41d8cd9', 'title': '', 'pid': 23576, 'proc': 'svchost.exe', 'rect': [-32000, -32000, -31984, -31984], 'screen': 1, 'minimized': 0}, {'hwnd': 133842, 'window_id': '133842_25996_1f6f2760', 'title': 'Meeting Rooms III - LeetCode - Brave', 'pid': 25996, 'proc': 'brave.exe', 'rect': [-32000, -32000, -31801, -31966], 'screen': 1, 'minimized': 1}, {'hwnd': 722390, 'window_id': '722390_25996_7b83c26e', 'title': 'Meet - EAG V1 Session - Brave', 'pid': 25996, 'proc': 'brave.exe', 'rect': [1920, 0, 3840, 1080], 'screen': 2, 'minimized': 0}, {'hwnd': 395660, 'window_id': '395660_6440_d41d8cd9', 'title': '', 'pid': 6440, 'proc': 'explorer.exe', 'rect': [1920, 0, 3840, 1032], 'screen': 2, 'minimized': 0}, {'hwnd': 1051238, 'window_id': '1051238_6440_d41d8cd9', 'title': '', 'pid': 6440, 'proc': 'explorer.exe', 'rect': [1920, 1032, 3840, 1080], 'screen': 2, 'minimized': 0}]}, 'message': 'Found 15 windows'}
2025-07-12 13:08:19,327 - INFO - web_log:log:214 - ::1 [12/Jul/2025:13:08:19 +0530] "POST /command HTTP/1.1" 200 2955 "-" "Python/3.11 aiohttp/3.12.7"
2025-07-12 13:08:19,331 - INFO - web_log:log:214 - ::1 [12/Jul/2025:13:08:19 +0530] "GET /tools HTTP/1.1" 200 2966 "-" "Python/3.11 aiohttp/3.12.7"
2025-07-12 13:08:45,020 - INFO - mcp_server_mcp_control:handle_sse:68 - SSE client connected
2025-07-12 13:09:03,044 - INFO - mcp_server_mcp_control:handle_sse:68 - SSE client connected
2025-07-12 13:09:31,446 - INFO - web_log:log:214 - ::1 [12/Jul/2025:13:09:31 +0530] "GET /tools HTTP/1.1" 200 2966 "-" "Python/3.11 aiohttp/3.12.7"
2025-07-12 13:09:32,798 - INFO - mcp_server_mcp_control:handle_command:120 - Executing command: send with params: {'keys': '^b^i^u'}
2025-07-12 13:09:32,799 - INFO - mcp_server_mcp_control:_execute_command:201 - Executing _execute_command: send {'keys': '^b^i^u'}
2025-07-12 13:09:32,799 - INFO - mcp_server_mcp_control:_execute_keyboard_command:338 - Executing _execute_keyboard_command: send {'keys': '^b^i^u'}
2025-07-12 13:09:32,899 - INFO - mcp_server_mcp_control:handle_command:128 - Command result: {'success': False, 'message': "Unknown key: ^B^I^U. Use 'keys' command to see all available keys."}
2025-07-12 13:09:32,899 - INFO - web_log:log:214 - ::1 [12/Jul/2025:13:09:32 +0530] "POST /command HTTP/1.1" 200 258 "-" "Python/3.11 aiohttp/3.12.7"
2025-07-12 13:12:12,062 - INFO - mcp_server_mcp_control:handle_sse:68 - SSE client connected
2025-07-12 13:12:37,414 - INFO - web_log:log:214 - ::1 [12/Jul/2025:13:12:37 +0530] "GET /tools HTTP/1.1" 200 2966 "-" "Python/3.11 aiohttp/3.12.7"
2025-07-12 13:12:38,982 - INFO - mcp_server_mcp_control:handle_command:120 - Executing command: click with params: {'button': 'left', 'x': 810, 'y': 119}
2025-07-12 13:12:38,982 - INFO - mcp_server_mcp_control:_execute_command:201 - Executing _execute_command: click {'button': 'left', 'x': 810, 'y': 119}
2025-07-12 13:12:38,982 - INFO - mcp_server_mcp_control:_execute_mouse_command:313 - Executing _execute_mouse_command: click {'button': 'left', 'x': 810, 'y': 119}
2025-07-12 13:12:39,190 - INFO - mcp_server_mcp_control:handle_command:128 - Command result: {'success': True, 'message': 'Left click at (810, 119) on Monitor 1'}
2025-07-12 13:12:39,191 - INFO - web_log:log:214 - ::1 [12/Jul/2025:13:12:38 +0530] "POST /command HTTP/1.1" 200 228 "-" "Python/3.11 aiohttp/3.12.7"
2025-07-12 13:14:44,275 - INFO - mcp_server_mcp_control:handle_command:120 - Executing command: get_windows with params: {'show_minimized': True}
2025-07-12 13:14:44,275 - INFO - mcp_server_mcp_control:_execute_command:201 - Executing _execute_command: get_windows {'show_minimized': True}
2025-07-12 13:14:44,275 - INFO - mcp_server_mcp_control:_execute_window_command:219 - Executing _execute_window_command: get_windows {'show_minimized': True}
2025-07-12 13:14:44,278 - INFO - mcp_server_mcp_control:handle_command:128 - Command result: {'success': True, 'result': {'windows': [{'hwnd': 69430, 'window_id': '69430_6440_d41d8cd9', 'title': '', 'pid': 6440, 'proc': 'explorer.exe', 'rect': [0, 0, 1, 1], 'screen': 1, 'minimized': 0}, {'hwnd': 199626, 'window_id': '199626_6440_d41d8cd9', 'title': '', 'pid': 6440, 'proc': 'explorer.exe', 'rect': [0, 0, 1, 1], 'screen': 1, 'minimized': 0}, {'hwnd': 131602, 'window_id': '131602_6440_d41d8cd9', 'title': '', 'pid': 6440, 'proc': 'explorer.exe', 'rect': [0, 1032, 1920, 1080], 'screen': 1, 'minimized': 0}, {'hwnd': 199182, 'window_id': '199182_6440_d41d8cd9', 'title': '', 'pid': 6440, 'proc': 'explorer.exe', 'rect': [0, 0, 1920, 1032], 'screen': 1, 'minimized': 0}, {'hwnd': 66236, 'window_id': '66236_6440_d41d8cd9', 'title': '', 'pid': 6440, 'proc': 'explorer.exe', 'rect': [19, 0, 1920, 4], 'screen': 1, 'minimized': 0}, {'hwnd': 66106, 'window_id': '66106_6440_673eed9d', 'title': 'Program Manager', 'pid': 6440, 'proc': 'explorer.exe', 'rect': [0, 0, 3840, 1080], 'screen': 1, 'minimized': 0}, {'hwnd': 1837706, 'window_id': '1837706_17068_ff6c6697', 'title': 'mcp_server_mcp_control_interactive_client.py - assignment13 - Visual Studio Code', 'pid': 17068, 'proc': 'Code.exe', 'rect': [-9, -9, 1929, 1041], 'screen': 1, 'minimized': 0}, {'hwnd': 724240, 'window_id': '724240_23260_67ce11ce', 'title': 'Document1 - Word', 'pid': 23260, 'proc': 'WINWORD.EXE', 'rect': [-8, -8, 1928, 1040], 'screen': 1, 'minimized': 0}, {'hwnd': 2428490, 'window_id': '2428490_19084_f4f70727', 'title': 'Settings', 'pid': 19084, 'proc': 'SystemSettings.exe', 'rect': [0, 8, 1920, 1040], 'screen': 1, 'minimized': 0}, {'hwnd': 396824, 'window_id': '396824_10872_f4f70727', 'title': 'Settings', 'pid': 10872, 'proc': 'ApplicationFrameHost.exe', 'rect': [-8, -8, 1928, 1040], 'screen': 1, 'minimized': 0}, {'hwnd': 1445278, 'window_id': '1445278_4676_a1b791c4', 'title': 'OBS 30.1.2 - Profile: Untitled - Scenes: Untitled', 'pid': 4676, 'proc': 'obs64.exe', 'rect': [377, 71, 1471, 836], 'screen': 1, 'minimized': 0}, {'hwnd': 197126, 'window_id': '197126_15368_018c6e2d', 'title': 'Windows Input Experience', 'pid': 15368, 'proc': 'TextInputHost.exe', 'rect': [0, 0, 1920, 1080], 'screen': 1, 'minimized': 0}, {'hwnd': 197006, 'window_id': '197006_6816_39d38f5f', 'title': 'NVIDIA GeForce Overlay', 'pid': 6816, 'proc': 'NVIDIA Overlay.exe', 'rect': [0, 0, 1920, 1080], 'screen': 1, 'minimized': 0}, {'hwnd': 855000, 'window_id': '855000_23576_d41d8cd9', 'title': '', 'pid': 23576, 'proc': 'svchost.exe', 'rect': [-32000, -32000, -31984, -31984], 'screen': 1, 'minimized': 0}, {'hwnd': 133842, 'window_id': '133842_25996_1f6f2760', 'title': 'Meeting Rooms III - LeetCode - Brave', 'pid': 25996, 'proc': 'brave.exe', 'rect': [-32000, -32000, -31801, -31966], 'screen': 1, 'minimized': 1}, {'hwnd': 722390, 'window_id': '722390_25996_7b83c26e', 'title': 'Meet - EAG V1 Session - Brave', 'pid': 25996, 'proc': 'brave.exe', 'rect': [1920, 0, 3840, 1080], 'screen': 2, 'minimized': 0}, {'hwnd': 395660, 'window_id': '395660_6440_d41d8cd9', 'title': '', 'pid': 6440, 'proc': 'explorer.exe', 'rect': [1920, 0, 3840, 1032], 'screen': 2, 'minimized': 0}, {'hwnd': 1051238, 'window_id': '1051238_6440_d41d8cd9', 'title': '', 'pid': 6440, 'proc': 'explorer.exe', 'rect': [1920, 1032, 3840, 1080], 'screen': 2, 'minimized': 0}]}, 'message': 'Found 18 windows'}
2025-07-12 13:14:44,278 - INFO - web_log:log:214 - ::1 [12/Jul/2025:13:14:44 +0530] "POST /command HTTP/1.1" 200 3502 "-" "Python/3.11 aiohttp/3.12.7"
2025-07-12 13:14:44,286 - INFO - web_log:log:214 - ::1 [12/Jul/2025:13:14:44 +0530] "GET /tools HTTP/1.1" 200 2966 "-" "Python/3.11 aiohttp/3.12.7"
2025-07-12 13:15:40,641 - INFO - mcp_server_mcp_control:handle_sse:68 - SSE client connected
2025-07-12 13:16:08,961 - INFO - web_log:log:214 - ::1 [12/Jul/2025:13:16:08 +0530] "GET /tools HTTP/1.1" 200 2966 "-" "Python/3.11 aiohttp/3.12.7"
2025-07-12 13:16:10,330 - INFO - mcp_server_mcp_control:handle_command:120 - Executing command: send with params: {'keys': 'ctrl+b'}
2025-07-12 13:16:10,330 - INFO - mcp_server_mcp_control:_execute_command:201 - Executing _execute_command: send {'keys': 'ctrl+b'}
2025-07-12 13:16:10,331 - INFO - mcp_server_mcp_control:_execute_keyboard_command:338 - Executing _execute_keyboard_command: send {'keys': 'ctrl+b'}
2025-07-12 13:16:10,578 - INFO - mcp_server_mcp_control:handle_command:128 - Command result: {'success': True, 'message': 'Sent key combination: ctrl+b (keybd_event)'}
2025-07-12 13:16:10,578 - INFO - web_log:log:214 - ::1 [12/Jul/2025:13:16:10 +0530] "POST /command HTTP/1.1" 200 233 "-" "Python/3.11 aiohttp/3.12.7"
2025-07-12 13:16:37,926 - INFO - web_log:log:214 - ::1 [12/Jul/2025:13:16:37 +0530] "GET /tools HTTP/1.1" 200 2966 "-" "Python/3.11 aiohttp/3.12.7"
2025-07-12 13:16:39,356 - INFO - mcp_server_mcp_control:handle_command:120 - Executing command: send with params: {'keys': 'ctrl+i'}
2025-07-12 13:16:39,357 - INFO - mcp_server_mcp_control:_execute_command:201 - Executing _execute_command: send {'keys': 'ctrl+i'}
2025-07-12 13:16:39,357 - INFO - mcp_server_mcp_control:_execute_keyboard_command:338 - Executing _execute_keyboard_command: send {'keys': 'ctrl+i'}
2025-07-12 13:16:39,602 - INFO - mcp_server_mcp_control:handle_command:128 - Command result: {'success': True, 'message': 'Sent key combination: ctrl+i (keybd_event)'}
2025-07-12 13:16:39,602 - INFO - web_log:log:214 - ::1 [12/Jul/2025:13:16:39 +0530] "POST /command HTTP/1.1" 200 233 "-" "Python/3.11 aiohttp/3.12.7"
2025-07-12 13:17:04,206 - INFO - web_log:log:214 - ::1 [12/Jul/2025:13:17:04 +0530] "GET /tools HTTP/1.1" 200 2966 "-" "Python/3.11 aiohttp/3.12.7"
2025-07-12 13:17:05,844 - INFO - mcp_server_mcp_control:handle_command:120 - Executing command: send with params: {'keys': 'ctrl+u'}
2025-07-12 13:17:05,844 - INFO - mcp_server_mcp_control:_execute_command:201 - Executing _execute_command: send {'keys': 'ctrl+u'}
2025-07-12 13:17:05,844 - INFO - mcp_server_mcp_control:_execute_keyboard_command:338 - Executing _execute_keyboard_command: send {'keys': 'ctrl+u'}
2025-07-12 13:17:06,088 - INFO - mcp_server_mcp_control:handle_command:128 - Command result: {'success': True, 'message': 'Sent key combination: ctrl+u (keybd_event)'}
2025-07-12 13:17:06,088 - INFO - web_log:log:214 - ::1 [12/Jul/2025:13:17:05 +0530] "POST /command HTTP/1.1" 200 233 "-" "Python/3.11 aiohttp/3.12.7"
2025-07-12 13:17:28,499 - INFO - web_log:log:214 - ::1 [12/Jul/2025:13:17:28 +0530] "GET /tools HTTP/1.1" 200 2966 "-" "Python/3.11 aiohttp/3.12.7"
2025-07-12 13:17:30,114 - INFO - mcp_server_mcp_control:handle_command:120 - Executing command: type with params: {'text': 'The wind whispers secrets through leaves of green,\nA gentle river, a peaceful scene.\nSunlight dances on petals so bright,\nA symphony of nature, pure delight.'}
2025-07-12 13:17:30,114 - INFO - mcp_server_mcp_control:_execute_command:201 - Executing _execute_command: type {'text': 'The wind whispers secrets through leaves of green,\nA gentle river, a peaceful scene.\nSunlight dances on petals so bright,\nA symphony of nature, pure delight.'}
2025-07-12 13:17:30,114 - INFO - mcp_server_mcp_control:_execute_keyboard_command:338 - Executing _execute_keyboard_command: type {'text': 'The wind whispers secrets through leaves of green,\nA gentle river, a peaceful scene.\nSunlight dances on petals so bright,\nA symphony of nature, pure delight.'}
2025-07-12 13:17:33,333 - INFO - mcp_server_mcp_control:handle_command:128 - Command result: {'success': True, 'message': "Sent text: 'The wind whispers secrets through leaves of green,\nA gentle river, a peaceful scene.\nSunlight dances on petals so bright,\nA symphony of nature, pure delight.' (157 characters)"}
2025-07-12 13:17:33,333 - INFO - web_log:log:214 - ::1 [12/Jul/2025:13:17:30 +0530] "POST /command HTTP/1.1" 200 382 "-" "Python/3.11 aiohttp/3.12.7"
